2025-05-09 15:18:27,619 CRIT Supervisor is running as root.  Privileges were not dropped because no user is specified in the config file.  If you intend to run as root, you can set user=root in the config file to avoid this message.
2025-05-09 15:18:27,622 INFO RPC interface 'supervisor' initialized
2025-05-09 15:18:27,622 CRIT Server 'inet_http_server' running without any HTTP authentication checking
2025-05-09 15:18:27,623 INFO RPC interface 'supervisor' initialized
2025-05-09 15:18:27,623 CRIT Server 'unix_http_server' running without any HTTP authentication checking
2025-05-09 15:18:27,624 INFO supervisord started with pid 1
2025-05-09 15:18:28,634 INFO spawned: 'cron' with pid 26
2025-05-09 15:18:28,639 INFO spawned: 'laravel-worker_00' with pid 27
2025-05-09 15:18:28,641 INFO spawned: 'laravel-worker_01' with pid 28
2025-05-09 15:18:28,646 INFO spawned: 'laravel-worker_02' with pid 29
2025-05-09 15:18:28,648 INFO spawned: 'laravel-worker_03' with pid 30
2025-05-09 15:18:28,650 INFO spawned: 'laravel-worker_04' with pid 31
2025-05-09 15:18:28,653 INFO spawned: 'laravel-worker_05' with pid 32
2025-05-09 15:18:28,657 INFO spawned: 'laravel-worker_06' with pid 33
2025-05-09 15:18:28,662 INFO spawned: 'laravel-worker_07' with pid 34
2025-05-09 15:18:28,665 INFO spawned: 'laravel-worker_08' with pid 35
2025-05-09 15:18:28,669 INFO spawned: 'laravel-worker_09' with pid 36
2025-05-09 15:18:28,674 INFO spawned: 'nginx' with pid 37
2025-05-09 15:18:28,680 INFO spawned: 'php-fpm' with pid 38
2025-05-09 15:18:29,201 WARN exited: laravel-worker_00 (exit status 1; not expected)
2025-05-09 15:18:29,201 WARN exited: laravel-worker_01 (exit status 1; not expected)
2025-05-09 15:18:29,202 WARN exited: laravel-worker_02 (exit status 1; not expected)
2025-05-09 15:18:29,202 WARN exited: laravel-worker_03 (exit status 1; not expected)
2025-05-09 15:18:29,202 WARN exited: laravel-worker_04 (exit status 1; not expected)
2025-05-09 15:18:29,202 WARN exited: laravel-worker_05 (exit status 1; not expected)
2025-05-09 15:18:29,202 WARN exited: laravel-worker_06 (exit status 1; not expected)
2025-05-09 15:18:29,203 WARN exited: laravel-worker_07 (exit status 1; not expected)
2025-05-09 15:18:29,203 WARN exited: laravel-worker_08 (exit status 1; not expected)
2025-05-09 15:18:29,203 WARN exited: laravel-worker_09 (exit status 1; not expected)
2025-05-09 15:18:30,206 INFO success: cron entered RUNNING state, process has stayed up for > than 1 seconds (startsecs)
2025-05-09 15:18:30,212 INFO spawned: 'laravel-worker_00' with pid 51
2025-05-09 15:18:30,215 INFO spawned: 'laravel-worker_01' with pid 52
2025-05-09 15:18:30,217 INFO spawned: 'laravel-worker_02' with pid 53
2025-05-09 15:18:30,220 INFO spawned: 'laravel-worker_03' with pid 54
2025-05-09 15:18:30,223 INFO spawned: 'laravel-worker_04' with pid 55
2025-05-09 15:18:30,226 INFO spawned: 'laravel-worker_05' with pid 56
2025-05-09 15:18:30,229 INFO spawned: 'laravel-worker_06' with pid 57
2025-05-09 15:18:30,231 INFO spawned: 'laravel-worker_07' with pid 58
2025-05-09 15:18:30,233 INFO spawned: 'laravel-worker_08' with pid 59
2025-05-09 15:18:30,240 INFO spawned: 'laravel-worker_09' with pid 60
2025-05-09 15:18:30,243 INFO success: nginx entered RUNNING state, process has stayed up for > than 1 seconds (startsecs)
2025-05-09 15:18:30,244 INFO success: php-fpm entered RUNNING state, process has stayed up for > than 1 seconds (startsecs)
2025-05-09 15:18:30,606 WARN exited: laravel-worker_03 (exit status 1; not expected)
2025-05-09 15:18:30,607 WARN exited: laravel-worker_00 (exit status 1; not expected)
2025-05-09 15:18:30,607 WARN exited: laravel-worker_01 (exit status 1; not expected)
2025-05-09 15:18:30,608 WARN exited: laravel-worker_07 (exit status 1; not expected)
2025-05-09 15:18:30,612 WARN exited: laravel-worker_02 (exit status 1; not expected)
2025-05-09 15:18:30,615 WARN exited: laravel-worker_04 (exit status 1; not expected)
2025-05-09 15:18:30,617 WARN exited: laravel-worker_05 (exit status 1; not expected)
2025-05-09 15:18:30,618 WARN exited: laravel-worker_08 (exit status 1; not expected)
2025-05-09 15:18:30,619 WARN exited: laravel-worker_06 (exit status 1; not expected)
2025-05-09 15:18:30,630 WARN exited: laravel-worker_09 (exit status 1; not expected)
2025-05-09 15:18:32,640 INFO spawned: 'laravel-worker_00' with pid 61
2025-05-09 15:18:32,642 INFO spawned: 'laravel-worker_01' with pid 62
2025-05-09 15:18:32,643 INFO spawned: 'laravel-worker_02' with pid 63
2025-05-09 15:18:32,644 INFO spawned: 'laravel-worker_03' with pid 64
2025-05-09 15:18:32,646 INFO spawned: 'laravel-worker_04' with pid 65
2025-05-09 15:18:32,649 INFO spawned: 'laravel-worker_05' with pid 66
2025-05-09 15:18:32,653 INFO spawned: 'laravel-worker_06' with pid 67
2025-05-09 15:18:32,655 INFO spawned: 'laravel-worker_07' with pid 68
2025-05-09 15:18:32,660 INFO spawned: 'laravel-worker_08' with pid 69
2025-05-09 15:18:32,663 INFO spawned: 'laravel-worker_09' with pid 70
2025-05-09 15:18:33,142 WARN exited: laravel-worker_00 (exit status 1; not expected)
2025-05-09 15:18:33,142 WARN exited: laravel-worker_01 (exit status 1; not expected)
2025-05-09 15:18:33,148 WARN exited: laravel-worker_02 (exit status 1; not expected)
2025-05-09 15:18:33,148 WARN exited: laravel-worker_06 (exit status 1; not expected)
2025-05-09 15:18:33,150 WARN exited: laravel-worker_05 (exit status 1; not expected)
2025-05-09 15:18:33,152 WARN exited: laravel-worker_03 (exit status 1; not expected)
2025-05-09 15:18:33,152 WARN exited: laravel-worker_04 (exit status 1; not expected)
2025-05-09 15:18:33,158 WARN exited: laravel-worker_07 (exit status 1; not expected)
2025-05-09 15:18:33,159 WARN exited: laravel-worker_08 (exit status 1; not expected)
2025-05-09 15:18:33,160 WARN exited: laravel-worker_09 (exit status 1; not expected)
2025-05-09 15:18:36,180 INFO spawned: 'laravel-worker_00' with pid 71
2025-05-09 15:18:36,182 INFO spawned: 'laravel-worker_01' with pid 72
2025-05-09 15:18:36,183 INFO spawned: 'laravel-worker_02' with pid 73
2025-05-09 15:18:36,186 INFO spawned: 'laravel-worker_03' with pid 74
2025-05-09 15:18:36,189 INFO spawned: 'laravel-worker_04' with pid 75
2025-05-09 15:18:36,191 INFO spawned: 'laravel-worker_05' with pid 76
2025-05-09 15:18:36,194 INFO spawned: 'laravel-worker_06' with pid 77
2025-05-09 15:18:36,197 INFO spawned: 'laravel-worker_07' with pid 78
2025-05-09 15:18:36,199 INFO spawned: 'laravel-worker_08' with pid 79
2025-05-09 15:18:36,204 INFO spawned: 'laravel-worker_09' with pid 80
2025-05-09 15:18:36,591 WARN exited: laravel-worker_04 (exit status 1; not expected)
2025-05-09 15:18:36,592 WARN exited: laravel-worker_05 (exit status 1; not expected)
2025-05-09 15:18:36,595 INFO gave up: laravel-worker_04 entered FATAL state, too many start retries too quickly
2025-05-09 15:18:36,596 INFO gave up: laravel-worker_05 entered FATAL state, too many start retries too quickly
2025-05-09 15:18:36,596 WARN exited: laravel-worker_00 (exit status 1; not expected)
2025-05-09 15:18:36,597 WARN exited: laravel-worker_01 (exit status 1; not expected)
2025-05-09 15:18:36,597 WARN exited: laravel-worker_07 (exit status 1; not expected)
2025-05-09 15:18:36,599 INFO gave up: laravel-worker_00 entered FATAL state, too many start retries too quickly
2025-05-09 15:18:36,599 INFO gave up: laravel-worker_01 entered FATAL state, too many start retries too quickly
2025-05-09 15:18:36,600 INFO gave up: laravel-worker_07 entered FATAL state, too many start retries too quickly
2025-05-09 15:18:36,600 WARN exited: laravel-worker_03 (exit status 1; not expected)
2025-05-09 15:18:36,600 WARN exited: laravel-worker_06 (exit status 1; not expected)
2025-05-09 15:18:36,600 WARN exited: laravel-worker_02 (exit status 1; not expected)
2025-05-09 15:18:36,604 INFO gave up: laravel-worker_02 entered FATAL state, too many start retries too quickly
2025-05-09 15:18:36,604 INFO gave up: laravel-worker_03 entered FATAL state, too many start retries too quickly
2025-05-09 15:18:36,604 INFO gave up: laravel-worker_06 entered FATAL state, too many start retries too quickly
2025-05-09 15:18:36,604 WARN exited: laravel-worker_08 (exit status 1; not expected)
2025-05-09 15:18:36,604 WARN exited: laravel-worker_09 (exit status 1; not expected)
2025-05-09 15:18:36,605 INFO gave up: laravel-worker_08 entered FATAL state, too many start retries too quickly
2025-05-09 15:18:36,605 INFO gave up: laravel-worker_09 entered FATAL state, too many start retries too quickly
2025-05-09 15:23:51,962 INFO reaped unknown pid 100 (exit status 0)
2025-05-09 16:06:16,076 WARN received SIGQUIT indicating exit request
2025-05-09 16:06:16,082 INFO waiting for cron, nginx, php-fpm to die
2025-05-09 16:06:16,138 INFO stopped: php-fpm (exit status 0)
2025-05-09 16:06:16,143 INFO stopped: nginx (exit status 0)
2025-05-09 16:06:17,149 WARN stopped: cron (terminated by SIGTERM)
2025-05-09 16:06:24,812 CRIT Supervisor is running as root.  Privileges were not dropped because no user is specified in the config file.  If you intend to run as root, you can set user=root in the config file to avoid this message.
2025-05-09 16:06:24,816 INFO RPC interface 'supervisor' initialized
2025-05-09 16:06:24,816 CRIT Server 'inet_http_server' running without any HTTP authentication checking
2025-05-09 16:06:24,816 INFO RPC interface 'supervisor' initialized
2025-05-09 16:06:24,817 CRIT Server 'unix_http_server' running without any HTTP authentication checking
2025-05-09 16:06:24,817 INFO supervisord started with pid 1
2025-05-09 16:06:25,826 INFO spawned: 'cron' with pid 33
2025-05-09 16:06:25,830 INFO spawned: 'laravel-worker_00' with pid 34
2025-05-09 16:06:25,834 INFO spawned: 'laravel-worker_01' with pid 35
2025-05-09 16:06:25,838 INFO spawned: 'laravel-worker_02' with pid 36
2025-05-09 16:06:25,841 INFO spawned: 'laravel-worker_03' with pid 37
2025-05-09 16:06:25,844 INFO spawned: 'laravel-worker_04' with pid 38
2025-05-09 16:06:25,847 INFO spawned: 'laravel-worker_05' with pid 39
2025-05-09 16:06:25,850 INFO spawned: 'laravel-worker_06' with pid 40
2025-05-09 16:06:25,853 INFO spawned: 'laravel-worker_07' with pid 41
2025-05-09 16:06:25,859 INFO spawned: 'laravel-worker_08' with pid 42
2025-05-09 16:06:25,864 INFO spawned: 'laravel-worker_09' with pid 43
2025-05-09 16:06:25,867 INFO spawned: 'nginx' with pid 44
2025-05-09 16:06:25,870 INFO spawned: 'php-fpm' with pid 45
2025-05-09 16:06:26,921 INFO success: cron entered RUNNING state, process has stayed up for > than 1 seconds (startsecs)
2025-05-09 16:06:26,923 INFO success: laravel-worker_00 entered RUNNING state, process has stayed up for > than 1 seconds (startsecs)
2025-05-09 16:06:26,924 INFO success: laravel-worker_01 entered RUNNING state, process has stayed up for > than 1 seconds (startsecs)
2025-05-09 16:06:26,924 INFO success: laravel-worker_02 entered RUNNING state, process has stayed up for > than 1 seconds (startsecs)
2025-05-09 16:06:26,924 INFO success: laravel-worker_03 entered RUNNING state, process has stayed up for > than 1 seconds (startsecs)
2025-05-09 16:06:26,925 INFO success: laravel-worker_04 entered RUNNING state, process has stayed up for > than 1 seconds (startsecs)
2025-05-09 16:06:26,925 INFO success: laravel-worker_05 entered RUNNING state, process has stayed up for > than 1 seconds (startsecs)
2025-05-09 16:06:26,925 INFO success: laravel-worker_06 entered RUNNING state, process has stayed up for > than 1 seconds (startsecs)
2025-05-09 16:06:26,925 INFO success: laravel-worker_07 entered RUNNING state, process has stayed up for > than 1 seconds (startsecs)
2025-05-09 16:06:26,926 INFO success: laravel-worker_08 entered RUNNING state, process has stayed up for > than 1 seconds (startsecs)
2025-05-09 16:06:26,926 INFO success: laravel-worker_09 entered RUNNING state, process has stayed up for > than 1 seconds (startsecs)
2025-05-09 16:06:26,926 INFO success: nginx entered RUNNING state, process has stayed up for > than 1 seconds (startsecs)
2025-05-09 16:06:26,926 INFO success: php-fpm entered RUNNING state, process has stayed up for > than 1 seconds (startsecs)
2025-05-09 16:07:48,943 WARN received SIGQUIT indicating exit request
2025-05-09 16:07:48,945 INFO waiting for cron, laravel-worker_00, laravel-worker_01, laravel-worker_02, laravel-worker_03, laravel-worker_04, laravel-worker_05, laravel-worker_06, laravel-worker_07, laravel-worker_08, laravel-worker_09, nginx, php-fpm to die
2025-05-09 16:07:49,999 INFO stopped: php-fpm (exit status 0)
2025-05-09 16:07:50,010 INFO stopped: nginx (exit status 0)
2025-05-09 16:07:50,039 WARN stopped: laravel-worker_01 (terminated by SIGTERM)
2025-05-09 16:07:50,040 WARN stopped: laravel-worker_00 (terminated by SIGTERM)
2025-05-09 16:07:50,041 WARN stopped: laravel-worker_02 (terminated by SIGTERM)
2025-05-09 16:07:50,041 WARN stopped: laravel-worker_05 (terminated by SIGTERM)
2025-05-09 16:07:50,042 WARN stopped: laravel-worker_07 (terminated by SIGTERM)
2025-05-09 16:07:50,042 WARN stopped: laravel-worker_09 (terminated by SIGTERM)
2025-05-09 16:07:50,044 WARN stopped: laravel-worker_03 (terminated by SIGTERM)
2025-05-09 16:07:50,044 WARN stopped: laravel-worker_04 (terminated by SIGTERM)
2025-05-09 16:07:50,044 WARN stopped: laravel-worker_06 (terminated by SIGTERM)
2025-05-09 16:07:50,044 WARN stopped: laravel-worker_08 (terminated by SIGTERM)
2025-05-09 16:07:50,045 WARN stopped: cron (terminated by SIGTERM)
2025-05-09 16:07:57,576 CRIT Supervisor is running as root.  Privileges were not dropped because no user is specified in the config file.  If you intend to run as root, you can set user=root in the config file to avoid this message.
2025-05-09 16:07:57,580 INFO RPC interface 'supervisor' initialized
2025-05-09 16:07:57,580 CRIT Server 'inet_http_server' running without any HTTP authentication checking
2025-05-09 16:07:57,580 INFO RPC interface 'supervisor' initialized
2025-05-09 16:07:57,580 CRIT Server 'unix_http_server' running without any HTTP authentication checking
2025-05-09 16:07:57,581 INFO supervisord started with pid 1
2025-05-09 16:07:58,589 INFO spawned: 'cron' with pid 33
2025-05-09 16:07:58,597 INFO spawned: 'laravel-worker_00' with pid 34
2025-05-09 16:07:58,600 INFO spawned: 'laravel-worker_01' with pid 35
2025-05-09 16:07:58,604 INFO spawned: 'laravel-worker_02' with pid 36
2025-05-09 16:07:58,608 INFO spawned: 'laravel-worker_03' with pid 37
2025-05-09 16:07:58,611 INFO spawned: 'laravel-worker_04' with pid 38
2025-05-09 16:07:58,613 INFO spawned: 'laravel-worker_05' with pid 39
2025-05-09 16:07:58,615 INFO spawned: 'laravel-worker_06' with pid 40
2025-05-09 16:07:58,618 INFO spawned: 'laravel-worker_07' with pid 41
2025-05-09 16:07:58,624 INFO spawned: 'laravel-worker_08' with pid 42
2025-05-09 16:07:58,628 INFO spawned: 'laravel-worker_09' with pid 43
2025-05-09 16:07:58,631 INFO spawned: 'nginx' with pid 44
2025-05-09 16:07:58,635 INFO spawned: 'php-fpm' with pid 45
2025-05-09 16:07:59,673 INFO success: cron entered RUNNING state, process has stayed up for > than 1 seconds (startsecs)
2025-05-09 16:07:59,674 INFO success: laravel-worker_00 entered RUNNING state, process has stayed up for > than 1 seconds (startsecs)
2025-05-09 16:07:59,674 INFO success: laravel-worker_01 entered RUNNING state, process has stayed up for > than 1 seconds (startsecs)
2025-05-09 16:07:59,674 INFO success: laravel-worker_02 entered RUNNING state, process has stayed up for > than 1 seconds (startsecs)
2025-05-09 16:07:59,675 INFO success: laravel-worker_03 entered RUNNING state, process has stayed up for > than 1 seconds (startsecs)
2025-05-09 16:07:59,675 INFO success: laravel-worker_04 entered RUNNING state, process has stayed up for > than 1 seconds (startsecs)
2025-05-09 16:07:59,675 INFO success: laravel-worker_05 entered RUNNING state, process has stayed up for > than 1 seconds (startsecs)
2025-05-09 16:07:59,676 INFO success: laravel-worker_06 entered RUNNING state, process has stayed up for > than 1 seconds (startsecs)
2025-05-09 16:07:59,676 INFO success: laravel-worker_07 entered RUNNING state, process has stayed up for > than 1 seconds (startsecs)
2025-05-09 16:07:59,676 INFO success: laravel-worker_08 entered RUNNING state, process has stayed up for > than 1 seconds (startsecs)
2025-05-09 16:07:59,676 INFO success: laravel-worker_09 entered RUNNING state, process has stayed up for > than 1 seconds (startsecs)
2025-05-09 16:07:59,677 INFO success: nginx entered RUNNING state, process has stayed up for > than 1 seconds (startsecs)
2025-05-09 16:07:59,677 INFO success: php-fpm entered RUNNING state, process has stayed up for > than 1 seconds (startsecs)
2025-05-09 16:09:55,315 WARN received SIGQUIT indicating exit request
2025-05-09 16:09:55,316 INFO waiting for cron, laravel-worker_00, laravel-worker_01, laravel-worker_02, laravel-worker_03, laravel-worker_04, laravel-worker_05, laravel-worker_06, laravel-worker_07, laravel-worker_08, laravel-worker_09, nginx, php-fpm to die
2025-05-09 16:09:56,339 INFO stopped: php-fpm (exit status 0)
2025-05-09 16:09:56,347 INFO stopped: nginx (exit status 0)
2025-05-09 16:09:56,359 WARN stopped: laravel-worker_03 (terminated by SIGTERM)
2025-05-09 16:09:56,359 WARN stopped: laravel-worker_05 (terminated by SIGTERM)
2025-05-09 16:09:56,360 WARN stopped: laravel-worker_01 (terminated by SIGTERM)
2025-05-09 16:09:56,360 WARN stopped: laravel-worker_00 (terminated by SIGTERM)
2025-05-09 16:09:56,361 WARN stopped: laravel-worker_02 (terminated by SIGTERM)
2025-05-09 16:09:56,361 WARN stopped: laravel-worker_04 (terminated by SIGTERM)
2025-05-09 16:09:56,361 WARN stopped: laravel-worker_06 (terminated by SIGTERM)
2025-05-09 16:09:56,361 WARN stopped: laravel-worker_07 (terminated by SIGTERM)
2025-05-09 16:09:56,362 WARN stopped: laravel-worker_08 (terminated by SIGTERM)
2025-05-09 16:09:56,362 WARN stopped: laravel-worker_09 (terminated by SIGTERM)
2025-05-09 16:09:56,363 WARN stopped: cron (terminated by SIGTERM)
2025-05-09 16:10:03,670 CRIT Supervisor is running as root.  Privileges were not dropped because no user is specified in the config file.  If you intend to run as root, you can set user=root in the config file to avoid this message.
2025-05-09 16:10:03,675 INFO RPC interface 'supervisor' initialized
2025-05-09 16:10:03,675 CRIT Server 'inet_http_server' running without any HTTP authentication checking
2025-05-09 16:10:03,675 INFO RPC interface 'supervisor' initialized
2025-05-09 16:10:03,675 CRIT Server 'unix_http_server' running without any HTTP authentication checking
2025-05-09 16:10:03,676 INFO supervisord started with pid 1
2025-05-09 16:10:04,683 INFO spawned: 'cron' with pid 33
2025-05-09 16:10:04,687 INFO spawned: 'laravel-worker_00' with pid 34
2025-05-09 16:10:04,688 INFO spawned: 'laravel-worker_01' with pid 35
2025-05-09 16:10:04,690 INFO spawned: 'laravel-worker_02' with pid 36
2025-05-09 16:10:04,693 INFO spawned: 'laravel-worker_03' with pid 37
2025-05-09 16:10:04,696 INFO spawned: 'laravel-worker_04' with pid 38
2025-05-09 16:10:04,699 INFO spawned: 'laravel-worker_05' with pid 39
2025-05-09 16:10:04,702 INFO spawned: 'laravel-worker_06' with pid 40
2025-05-09 16:10:04,704 INFO spawned: 'laravel-worker_07' with pid 41
2025-05-09 16:10:04,711 INFO spawned: 'laravel-worker_08' with pid 42
2025-05-09 16:10:04,716 INFO spawned: 'laravel-worker_09' with pid 43
2025-05-09 16:10:04,718 INFO spawned: 'nginx' with pid 44
2025-05-09 16:10:04,721 INFO spawned: 'php-fpm' with pid 45
2025-05-09 16:10:06,357 INFO success: cron entered RUNNING state, process has stayed up for > than 1 seconds (startsecs)
2025-05-09 16:10:06,357 INFO success: laravel-worker_00 entered RUNNING state, process has stayed up for > than 1 seconds (startsecs)
2025-05-09 16:10:06,357 INFO success: laravel-worker_01 entered RUNNING state, process has stayed up for > than 1 seconds (startsecs)
2025-05-09 16:10:06,357 INFO success: laravel-worker_02 entered RUNNING state, process has stayed up for > than 1 seconds (startsecs)
2025-05-09 16:10:06,358 INFO success: laravel-worker_03 entered RUNNING state, process has stayed up for > than 1 seconds (startsecs)
2025-05-09 16:10:06,358 INFO success: laravel-worker_04 entered RUNNING state, process has stayed up for > than 1 seconds (startsecs)
2025-05-09 16:10:06,358 INFO success: laravel-worker_05 entered RUNNING state, process has stayed up for > than 1 seconds (startsecs)
2025-05-09 16:10:06,358 INFO success: laravel-worker_06 entered RUNNING state, process has stayed up for > than 1 seconds (startsecs)
2025-05-09 16:10:06,358 INFO success: laravel-worker_07 entered RUNNING state, process has stayed up for > than 1 seconds (startsecs)
2025-05-09 16:10:06,358 INFO success: laravel-worker_08 entered RUNNING state, process has stayed up for > than 1 seconds (startsecs)
2025-05-09 16:10:06,358 INFO success: laravel-worker_09 entered RUNNING state, process has stayed up for > than 1 seconds (startsecs)
2025-05-09 16:10:06,359 INFO success: nginx entered RUNNING state, process has stayed up for > than 1 seconds (startsecs)
2025-05-09 16:10:06,359 INFO success: php-fpm entered RUNNING state, process has stayed up for > than 1 seconds (startsecs)
